INFO (06/04/2024 12:15:41 PM): Run successful, cluster: M14, extension: April (Line: 511 [GCAnalyzer.py])
INFO (06/04/2024 06:28:35 PM): Run successful, cluster: M79, extension: April (Line: 558 [GCAnalyzer.py])
INFO (07/04/2024 02:24:30 PM): Run successful, cluster: M14, extension: April (Line: 558 [GCAnalyzer.py])
INFO (07/04/2024 02:27:17 PM): Run successful, cluster: M56, extension: April (Line: 557 [GCAnalyzer.py])
INFO (07/04/2024 02:29:48 PM): Run successful, cluster: M79, extension: April (Line: 558 [GCAnalyzer.py])
INFO (07/04/2024 02:30:48 PM): Run successful, cluster: M14, extension: April (Line: 558 [GCAnalyzer.py])
INFO (07/04/2024 02:31:46 PM): Run successful, cluster: M56, extension: April (Line: 558 [GCAnalyzer.py])
INFO (07/04/2024 02:34:50 PM): Run successful, cluster: M79, extension: April (Line: 557 [GCAnalyzer.py])
INFO (07/04/2024 02:35:55 PM): Run successful, cluster: M14, extension: April (Line: 557 [GCAnalyzer.py])
INFO (07/04/2024 02:36:51 PM): Run successful, cluster: M56, extension: April (Line: 557 [GCAnalyzer.py])
INFO (07/04/2024 02:38:39 PM): Run successful, cluster: M56, extension: April (Line: 557 [GCAnalyzer.py])
INFO (07/04/2024 05:31:57 PM): Run successful, cluster: M9, extension: April (Line: 557 [GCAnalyzer.py])
INFO (07/04/2024 10:50:40 PM): Run successful, cluster: M22, extension: April (Line: 557 [GCAnalyzer.py])
INFO (07/04/2024 10:58:22 PM): Run successful, cluster: M28, extension: April (Line: 557 [GCAnalyzer.py])
INFO (08/04/2024 11:17:15 PM): Run successful, cluster: M79, extension: April (Line: 557 [GCAnalyzer.py])
INFO (08/04/2024 11:19:54 PM): Run successful, cluster: M79, extension: April (Line: 556 [GCAnalyzer.py])
INFO (09/04/2024 07:27:24 AM): Run successful, cluster: M79, extension: April (Line: 559 [GCAnalyzer.py])
INFO (09/04/2024 07:33:09 AM): Run successful, cluster: M79, extension: April (Line: 563 [GCAnalyzer.py])
INFO (09/04/2024 08:05:21 AM): Run successful, cluster: M79, extension: April (Line: 563 [GCAnalyzer.py])
INFO (09/04/2024 08:07:20 AM): Run successful, cluster: M79, extension: April (Line: 563 [GCAnalyzer.py])
INFO (09/04/2024 08:14:40 AM): Run successful, cluster: M79, extension: April (Line: 563 [GCAnalyzer.py])
INFO (09/04/2024 08:15:12 AM): Run successful, cluster: M79, extension: April (Line: 563 [GCAnalyzer.py])
INFO (09/04/2024 08:18:54 AM): Run successful, cluster: M79, extension: April (Line: 563 [GCAnalyzer.py])
INFO (09/04/2024 08:19:31 AM): Run successful, cluster: M79, extension: April (Line: 563 [GCAnalyzer.py])
INFO (09/04/2024 08:20:21 AM): Run successful, cluster: M79, extension: April (Line: 563 [GCAnalyzer.py])
INFO (09/04/2024 08:20:49 AM): Run successful, cluster: M79, extension: April (Line: 563 [GCAnalyzer.py])
INFO (09/04/2024 08:23:41 AM): Run successful, cluster: M79, extension: April (Line: 563 [GCAnalyzer.py])
INFO (09/04/2024 08:24:32 AM): Run successful, cluster: M79, extension: April (Line: 563 [GCAnalyzer.py])
INFO (09/04/2024 08:25:37 AM): Run successful, cluster: M79, extension: April (Line: 563 [GCAnalyzer.py])
INFO (09/04/2024 08:26:05 AM): Run successful, cluster: M79, extension: April (Line: 563 [GCAnalyzer.py])
INFO (09/04/2024 08:26:43 AM): Run successful, cluster: M79, extension: April (Line: 563 [GCAnalyzer.py])
INFO (09/04/2024 08:27:36 AM): Run successful, cluster: M79, extension: April (Line: 563 [GCAnalyzer.py])
INFO (09/04/2024 08:28:01 AM): Run successful, cluster: M79, extension: April (Line: 563 [GCAnalyzer.py])
INFO (09/04/2024 08:28:31 AM): Run successful, cluster: M79, extension: April (Line: 563 [GCAnalyzer.py])
INFO (09/04/2024 08:29:09 AM): Run successful, cluster: M79, extension: April (Line: 563 [GCAnalyzer.py])
INFO (09/04/2024 08:29:50 AM): Run successful, cluster: M79, extension: April (Line: 563 [GCAnalyzer.py])
INFO (09/04/2024 08:30:32 AM): Run successful, cluster: M79, extension: April (Line: 563 [GCAnalyzer.py])
INFO (09/04/2024 08:31:10 AM): Run successful, cluster: M79, extension: April (Line: 563 [GCAnalyzer.py])
INFO (09/04/2024 08:32:21 AM): Run successful, cluster: M79, extension: April (Line: 563 [GCAnalyzer.py])
INFO (09/04/2024 08:34:32 AM): Run successful, cluster: M79, extension: April (Line: 563 [GCAnalyzer.py])
INFO (09/04/2024 08:35:29 AM): Run successful, cluster: M79, extension: April (Line: 563 [GCAnalyzer.py])
INFO (09/04/2024 08:36:09 AM): Run successful, cluster: M79, extension: April (Line: 563 [GCAnalyzer.py])
INFO (09/04/2024 08:36:42 AM): Run successful, cluster: M14, extension: April (Line: 563 [GCAnalyzer.py])
INFO (09/04/2024 08:37:17 AM): Run successful, cluster: M56, extension: April (Line: 563 [GCAnalyzer.py])
INFO (09/04/2024 08:37:53 AM): Run successful, cluster: M9, extension: April (Line: 563 [GCAnalyzer.py])
INFO (09/04/2024 08:38:18 AM): Run successful, cluster: M22, extension: April (Line: 563 [GCAnalyzer.py])
INFO (09/04/2024 08:38:46 AM): Run successful, cluster: M28, extension: April (Line: 563 [GCAnalyzer.py])
INFO (09/04/2024 08:40:02 AM): Run successful, cluster: M9, extension: April (Line: 563 [GCAnalyzer.py])
INFO (09/04/2024 08:40:16 AM): Run successful, cluster: M14, extension: April (Line: 563 [GCAnalyzer.py])
INFO (09/04/2024 08:40:32 AM): Run successful, cluster: M22, extension: April (Line: 563 [GCAnalyzer.py])
INFO (09/04/2024 08:40:58 AM): Run successful, cluster: M28, extension: April (Line: 563 [GCAnalyzer.py])
INFO (09/04/2024 08:41:11 AM): Run successful, cluster: M56, extension: April (Line: 563 [GCAnalyzer.py])
INFO (09/04/2024 08:42:29 AM): Run successful, cluster: M79, extension: April (Line: 563 [GCAnalyzer.py])
INFO (09/04/2024 11:20:44 AM): Run successful, cluster: M19, extension: April (Line: 563 [GCAnalyzer.py])
INFO (09/04/2024 02:31:23 PM): Run successful, cluster: M62, extension: April (Line: 563 [GCAnalyzer.py])
INFO (10/04/2024 08:20:06 AM): Run successful, cluster: M68, extension: April (Line: 563 [GCAnalyzer.py])
INFO (10/04/2024 08:21:37 AM): Run successful, cluster: M68, extension: April (Line: 563 [GCAnalyzer.py])
INFO (10/04/2024 08:22:30 AM): Run successful, cluster: M68, extension: April (Line: 563 [GCAnalyzer.py])
INFO (10/04/2024 08:23:18 AM): Run successful, cluster: M68, extension: April (Line: 563 [GCAnalyzer.py])
INFO (10/04/2024 08:30:16 AM): Run successful, cluster: M68, extension: April (Line: 563 [GCAnalyzer.py])
INFO (10/04/2024 08:47:54 AM): Run successful, cluster: M69, extension: April (Line: 563 [GCAnalyzer.py])
INFO (10/04/2024 11:43:26 AM): Run successful, cluster: M70, extension: April (Line: 563 [GCAnalyzer.py])
INFO (11/04/2024 10:49:36 AM): Run successful, cluster: M72, extension: April (Line: 563 [GCAnalyzer.py])
INFO (11/04/2024 11:03:52 AM): Run successful, cluster: M80, extension: April (Line: 563 [GCAnalyzer.py])
INFO (11/04/2024 11:23:32 AM): Run successful, cluster: M79, extension: April (Line: 563 [GCAnalyzer.py])
INFO (11/04/2024 11:27:28 AM): Run successful, cluster: M9, extension: April (Line: 563 [GCAnalyzer.py])
INFO (11/04/2024 11:29:33 AM): Run successful, cluster: M9, extension: April (Line: 563 [GCAnalyzer.py])
INFO (11/04/2024 11:36:39 AM): Run successful, cluster: M9, extension: April (Line: 563 [GCAnalyzer.py])
INFO (11/04/2024 11:40:25 AM): Run successful, cluster: M79, extension: April (Line: 563 [GCAnalyzer.py])
INFO (11/04/2024 11:42:03 AM): Run successful, cluster: M14, extension: April (Line: 563 [GCAnalyzer.py])
INFO (11/04/2024 12:06:04 PM): Run successful, cluster: M14, extension: April (Line: 563 [GCAnalyzer.py])
INFO (11/04/2024 12:11:03 PM): Run successful, cluster: M19, extension: April (Line: 563 [GCAnalyzer.py])
INFO (11/04/2024 12:37:06 PM): Run successful, cluster: M22, extension: April (Line: 563 [GCAnalyzer.py])
INFO (11/04/2024 12:42:00 PM): Run successful, cluster: M28, extension: April (Line: 563 [GCAnalyzer.py])
INFO (11/04/2024 12:45:51 PM): Run successful, cluster: M56, extension: April (Line: 563 [GCAnalyzer.py])
INFO (11/04/2024 12:51:25 PM): Run successful, cluster: M62, extension: April (Line: 563 [GCAnalyzer.py])
INFO (11/04/2024 12:53:28 PM): Run successful, cluster: M68, extension: April (Line: 563 [GCAnalyzer.py])
INFO (11/04/2024 12:54:14 PM): Run successful, cluster: M69, extension: April (Line: 563 [GCAnalyzer.py])
INFO (11/04/2024 12:55:05 PM): Run successful, cluster: M70, extension: April (Line: 563 [GCAnalyzer.py])
INFO (11/04/2024 12:56:11 PM): Run successful, cluster: M72, extension: April (Line: 563 [GCAnalyzer.py])
INFO (11/04/2024 12:58:04 PM): Run successful, cluster: M80, extension: April (Line: 563 [GCAnalyzer.py])
INFO (11/04/2024 01:04:11 PM): Run successful, cluster: M107, extension: April (Line: 563 [GCAnalyzer.py])
INFO (11/04/2024 01:11:05 PM): Run successful, cluster: M107, extension: April (Line: 563 [GCAnalyzer.py])
INFO (11/04/2024 01:11:48 PM): Run successful, cluster: M107, extension: April (Line: 563 [GCAnalyzer.py])
INFO (11/04/2024 01:14:11 PM): Run successful, cluster: M107, extension: April (Line: 563 [GCAnalyzer.py])
INFO (11/04/2024 02:26:36 PM): Login to gaia TAP server (Line: 106 [core.py])
INFO (11/04/2024 02:27:39 PM): OK (Line: 2007 [core.py])
INFO (11/04/2024 02:27:39 PM): Login to gaia data server (Line: 116 [core.py])
INFO (11/04/2024 02:27:40 PM): OK (Line: 2007 [core.py])
INFO (11/04/2024 02:27:40 PM): Sending file: gData/E3.csv (Line: 1485 [core.py])
INFO (11/04/2024 02:27:42 PM): Uploaded table 'E3'. (Line: 1454 [core.py])
INFO (11/04/2024 02:33:27 PM): Run successful, cluster: E3, extension: April (Line: 563 [GCAnalyzer.py])
INFO (11/04/2024 06:11:48 PM): Run successful, cluster: M79, extension: April (Line: 563 [GCAnalyzer.py])
INFO (11/04/2024 06:14:17 PM): Run successful, cluster: M79, extension: April (Line: 563 [GCAnalyzer.py])
INFO (11/04/2024 06:16:18 PM): Run successful, cluster: E3, extension: April (Line: 563 [GCAnalyzer.py])
INFO (11/04/2024 06:17:44 PM): Run successful, cluster: M9, extension: April (Line: 563 [GCAnalyzer.py])
INFO (11/04/2024 06:20:20 PM): Run successful, cluster: M14, extension: April (Line: 563 [GCAnalyzer.py])
INFO (11/04/2024 06:25:39 PM): Run successful, cluster: M19, extension: April (Line: 563 [GCAnalyzer.py])
INFO (11/04/2024 06:49:07 PM): Run successful, cluster: M22, extension: April (Line: 563 [GCAnalyzer.py])
INFO (11/04/2024 07:11:04 PM): Run successful, cluster: M28, extension: April (Line: 563 [GCAnalyzer.py])
INFO (11/04/2024 07:35:16 PM): Run successful, cluster: M56, extension: April (Line: 563 [GCAnalyzer.py])
INFO (11/04/2024 09:17:54 PM): Run successful, cluster: M62, extension: April (Line: 563 [GCAnalyzer.py])
INFO (11/04/2024 09:43:24 PM): Run successful, cluster: M68, extension: April (Line: 563 [GCAnalyzer.py])
INFO (11/04/2024 10:23:50 PM): Run successful, cluster: M69, extension: April (Line: 563 [GCAnalyzer.py])
INFO (11/04/2024 10:25:41 PM): Run successful, cluster: M70, extension: April (Line: 563 [GCAnalyzer.py])
INFO (11/04/2024 10:27:30 PM): Run successful, cluster: M72, extension: April (Line: 563 [GCAnalyzer.py])
INFO (11/04/2024 10:28:43 PM): Run successful, cluster: M80, extension: April (Line: 563 [GCAnalyzer.py])
INFO (11/04/2024 10:29:10 PM): Run successful, cluster: M107, extension: April (Line: 563 [GCAnalyzer.py])
INFO (11/04/2024 10:30:14 PM): Run successful, cluster: M107, extension: April (Line: 563 [GCAnalyzer.py])
INFO (11/04/2024 10:30:39 PM): Run successful, cluster: M107, extension: April (Line: 563 [GCAnalyzer.py])
INFO (11/04/2024 10:31:22 PM): Run successful, cluster: M107, extension: April (Line: 563 [GCAnalyzer.py])
INFO (11/04/2024 10:39:19 PM): Login to gaia TAP server (Line: 106 [core.py])
INFO (11/04/2024 10:39:34 PM): OK (Line: 2007 [core.py])
INFO (11/04/2024 10:39:34 PM): Login to gaia data server (Line: 116 [core.py])
INFO (11/04/2024 10:39:35 PM): OK (Line: 2007 [core.py])
INFO (11/04/2024 10:39:35 PM): Sending file: gData/E3.csv (Line: 1485 [core.py])
INFO (11/04/2024 10:39:36 PM): Uploaded table 'e3'. (Line: 1454 [core.py])
INFO (11/04/2024 10:40:17 PM): Login to gaia TAP server (Line: 106 [core.py])
INFO (11/04/2024 10:40:32 PM): OK (Line: 2007 [core.py])
INFO (11/04/2024 10:40:32 PM): Login to gaia data server (Line: 116 [core.py])
INFO (11/04/2024 10:40:32 PM): OK (Line: 2007 [core.py])
INFO (11/04/2024 10:40:32 PM): Sending file: gData/E3.csv (Line: 1485 [core.py])
INFO (11/04/2024 10:41:18 PM): Login to gaia TAP server (Line: 106 [core.py])
INFO (11/04/2024 10:41:27 PM): OK (Line: 2007 [core.py])
INFO (11/04/2024 10:41:27 PM): Login to gaia data server (Line: 116 [core.py])
INFO (11/04/2024 10:41:28 PM): OK (Line: 2007 [core.py])
INFO (11/04/2024 10:41:28 PM): Sending file: gData/E3.csv (Line: 1485 [core.py])
INFO (11/04/2024 10:41:29 PM): Uploaded table 'e3'. (Line: 1454 [core.py])
INFO (11/04/2024 10:41:30 PM): Gaia TAP server logout OK (Line: 162 [core.py])
INFO (11/04/2024 10:41:31 PM): Gaia data server logout OK (Line: 165 [core.py])
INFO (11/04/2024 10:42:26 PM): Login to gaia TAP server (Line: 106 [core.py])
INFO (11/04/2024 10:42:35 PM): OK (Line: 2007 [core.py])
INFO (11/04/2024 10:42:35 PM): Login to gaia data server (Line: 116 [core.py])
INFO (11/04/2024 10:42:36 PM): OK (Line: 2007 [core.py])
INFO (11/04/2024 10:42:36 PM): Sending file: gData/E3.csv (Line: 1485 [core.py])
INFO (11/04/2024 10:42:37 PM): Uploaded table 'e3'. (Line: 1454 [core.py])
INFO (11/04/2024 10:42:38 PM): Gaia TAP server logout OK (Line: 162 [core.py])
INFO (11/04/2024 10:42:39 PM): Gaia data server logout OK (Line: 165 [core.py])
INFO (11/04/2024 10:42:44 PM): Run successful, cluster: E3, extension: April (Line: 563 [GCAnalyzer.py])
INFO (14/04/2024 08:31:10 PM): Run successful, cluster: M22, extension: April (Line: 563 [GCAnalyzer.py])
