INFO (26/07/2023 09:56:29 AM): Run successful, extension: testing123, execution time: 5.53 (Line: 644 [trial.py])
INFO (26/07/2023 09:58:01 AM): Run successful, extension: testing123, execution time: 5.43 (Line: 638 [trial.py])
INFO (26/07/2023 10:01:26 AM): Run successful, extension: testing123, execution time: 5.40 (Line: 634 [trial.py])
INFO (26/07/2023 10:08:02 AM): Run successful, extension: testing123, execution time: 4.17 (Line: 587 [trial.py])
INFO (26/07/2023 04:30:49 PM): Run successful, extension: testing123, execution time: 2.56 (Line: 587 [trial.py])
INFO (26/07/2023 04:31:25 PM): Run successful, extension: testing, execution time: 2.53 (Line: 587 [trial.py])
INFO (26/07/2023 04:32:17 PM): Run successful, extension: testing, execution time: 2.54 (Line: 587 [trial.py])
INFO (26/07/2023 04:33:17 PM): Run successful, extension: testing, execution time: 2.55 (Line: 587 [trial.py])
INFO (02/08/2023 08:24:36 AM): Run successful, extension: testing123, execution time: 171.15 (Line: 588 [trial.py])
INFO (03/08/2023 07:36:31 AM): Run successful, extension: testing123, execution time: 2.57 (Line: 586 [trial.py])
INFO (03/08/2023 07:37:07 AM): Run successful, extension: testing123, execution time: 2.58 (Line: 586 [trial.py])
INFO (03/08/2023 07:37:42 AM): Run successful, extension: testing123, execution time: 2.60 (Line: 586 [trial.py])
INFO (03/08/2023 07:37:59 AM): Run successful, extension: testing123, execution time: 2.54 (Line: 586 [trial.py])
INFO (03/08/2023 07:38:22 AM): Run successful, extension: testing123, execution time: 2.58 (Line: 586 [trial.py])
INFO (03/08/2023 08:19:29 AM): Run successful, extension: 5Sigma, execution time: 2.58 (Line: 586 [trial.py])
INFO (03/08/2023 08:24:12 AM): Run successful, extension: 5Sigma, execution time: 2.57 (Line: 586 [trial.py])
INFO (03/08/2023 08:24:42 AM): Run successful, extension: 5Sigma, execution time: 2.58 (Line: 586 [trial.py])
INFO (03/08/2023 08:25:02 AM): Run successful, extension: 5Sigma, execution time: 2.57 (Line: 586 [trial.py])
INFO (03/08/2023 08:25:44 AM): Run successful, extension: 5Sigma, execution time: 2.57 (Line: 586 [trial.py])
INFO (03/08/2023 08:33:49 AM): Run successful, extension: 5Sigma, execution time: 2.54 (Line: 586 [trial.py])
INFO (03/08/2023 08:41:25 AM): Run successful, extension: 5Sigma, execution time: 2.52 (Line: 586 [trial.py])
INFO (03/08/2023 10:35:27 AM): Run successful, extension: 5Sigma, execution time: 2.51 (Line: 586 [trial.py])
INFO (03/08/2023 01:03:04 PM): Run successful, cluster: M9, extension: 5Sigma, execution time: 2.53 (Line: 542 [trial.py])
INFO (04/08/2023 12:24:58 PM): Run successful, cluster: M9, extension: 5Sigma, execution time: 2.54 seconds (Line: 556 [trial.py])
INFO (04/08/2023 12:28:21 PM): Run successful, cluster: M9, extension: 5Sigma, execution time: 2.54 seconds (Line: 556 [trial.py])
INFO (04/08/2023 12:29:01 PM): Run successful, cluster: M9, extension: 5Sigma, execution time: 2.53 seconds (Line: 556 [trial.py])
INFO (04/08/2023 12:30:13 PM): Run successful, cluster: M9, extension: 5Sigma, execution time: 2.53 seconds (Line: 556 [trial.py])
INFO (04/08/2023 12:41:55 PM): Run successful, cluster: M9, extension: 5Sigma, execution time: 2.53 seconds (Line: 557 [trial.py])
INFO (04/08/2023 12:44:29 PM): Run successful, cluster: M9, extension: 5Sigma, execution time: 2.53 seconds (Line: 557 [trial.py])
INFO (04/08/2023 01:29:47 PM): Run successful, cluster: M9, extension: 5Sigma, execution time: 2.53 seconds (Line: 556 [trial.py])
INFO (04/08/2023 01:31:52 PM): Run successful, cluster: M14, extension: 5Sigma, execution time: 2.61 seconds (Line: 556 [trial.py])
INFO (04/08/2023 01:41:53 PM): Run successful, cluster: M14, extension: 5Sigma, execution time: 2.64 seconds (Line: 558 [trial.py])
INFO (04/08/2023 01:45:05 PM): Run successful, cluster: M14, extension: 5Sigma, execution time: 2.63 seconds (Line: 558 [trial.py])
INFO (04/08/2023 01:45:29 PM): Run successful, cluster: M9, extension: 5Sigma, execution time: 2.62 seconds (Line: 558 [trial.py])
INFO (04/08/2023 01:57:56 PM): Run successful, cluster: M14, extension: 5Sigma, execution time: 2.62 seconds (Line: 560 [trial.py])
INFO (04/08/2023 04:08:59 PM): Run successful, cluster: M14, extension: 5Sigma, execution time: 2.61 seconds (Line: 558 [trial.py])
INFO (04/08/2023 04:09:27 PM): Run successful, cluster: M14, extension: 5Sigma, execution time: 2.62 seconds (Line: 558 [trial.py])
INFO (04/08/2023 04:09:51 PM): Run successful, cluster: M14, extension: 5Sigma, execution time: 2.61 seconds (Line: 558 [trial.py])
INFO (04/08/2023 04:30:22 PM): Run successful, cluster: M14, extension: 5Sigma, execution time: 2.62 seconds (Line: 574 [trial.py])
INFO (04/08/2023 05:01:36 PM): Run successful, cluster: M14, extension: 5Sigma, execution time: 2.63 seconds (Line: 558 [trial.py])
INFO (04/08/2023 05:29:56 PM): Run successful, cluster: M14, extension: 5Sigma, execution time: 2.66 seconds (Line: 565 [trial.py])
INFO (04/08/2023 05:31:38 PM): Run successful, cluster: M14, extension: 5Sigma, execution time: 2.59 seconds (Line: 565 [trial.py])
INFO (04/08/2023 05:34:55 PM): Run successful, cluster: M14, extension: 5Sigma, execution time: 2.59 seconds (Line: 566 [trial.py])
INFO (04/08/2023 05:38:36 PM): Run successful, cluster: M14, extension: 5Sigma, execution time: 2.63 seconds (Line: 571 [trial.py])
INFO (18/08/2023 10:16:16 AM): Run successful, cluster: M9, extension: 5Sigma, execution time: 2.62 seconds (Line: 568 [trial.py])
INFO (18/08/2023 10:16:36 AM): Run successful, cluster: M9, extension: 5Sigma, execution time: 2.63 seconds (Line: 568 [trial.py])
INFO (18/08/2023 10:16:50 AM): Run successful, cluster: M9, extension: 5Sigma, execution time: 2.60 seconds (Line: 568 [trial.py])
INFO (18/08/2023 10:17:06 AM): Run successful, cluster: M9, extension: 5Sigma, execution time: 2.60 seconds (Line: 568 [trial.py])
INFO (18/08/2023 10:17:39 AM): Run successful, cluster: M9, extension: 5Sigma, execution time: 2.60 seconds (Line: 568 [trial.py])
INFO (28/08/2023 01:52:42 PM): Run successful, cluster: M79, extension: 5Sigma, execution time: 2.08 seconds (Line: 568 [trial.py])
INFO (28/08/2023 01:53:51 PM): Run successful, cluster: M79, extension: 5Sigma, execution time: 2.06 seconds (Line: 568 [trial.py])
INFO (28/08/2023 01:54:02 PM): Run successful, cluster: M79, extension: 5Sigma, execution time: 2.06 seconds (Line: 568 [trial.py])
INFO (28/08/2023 01:54:25 PM): Run successful, cluster: M79, extension: 5Sigma, execution time: 2.08 seconds (Line: 568 [trial.py])
INFO (28/08/2023 01:54:44 PM): Run successful, cluster: M79, extension: 5Sigma, execution time: 2.06 seconds (Line: 568 [trial.py])
INFO (28/08/2023 01:56:55 PM): Run successful, cluster: M79, extension: 5Sigma, execution time: 2.08 seconds (Line: 568 [trial.py])
INFO (28/08/2023 01:57:09 PM): Run successful, cluster: M79, extension: 5Sigma, execution time: 2.05 seconds (Line: 568 [trial.py])
INFO (28/08/2023 02:07:06 PM): Run successful, cluster: M22, extension: 5Sigma, execution time: 6.61 seconds (Line: 568 [trial.py])
INFO (28/08/2023 02:08:28 PM): Run successful, cluster: M22, extension: 5Sigma, execution time: 6.41 seconds (Line: 568 [trial.py])
INFO (28/08/2023 02:08:45 PM): Run successful, cluster: M22, extension: 5Sigma, execution time: 6.46 seconds (Line: 568 [trial.py])
INFO (28/08/2023 02:09:34 PM): Run successful, cluster: M22, extension: 5Sigma, execution time: 6.39 seconds (Line: 568 [trial.py])
INFO (28/08/2023 02:09:56 PM): Run successful, cluster: M22, extension: 5Sigma, execution time: 6.34 seconds (Line: 568 [trial.py])
INFO (28/08/2023 02:11:55 PM): Run successful, cluster: M22, extension: 5Sigma, execution time: 6.35 seconds (Line: 568 [trial.py])
INFO (28/08/2023 02:12:14 PM): Run successful, cluster: M22, extension: 5Sigma, execution time: 6.43 seconds (Line: 568 [trial.py])
INFO (28/08/2023 10:07:16 PM): Run successful, cluster: M28, extension: 5Sigma, execution time: 3.08 seconds (Line: 568 [trial.py])
INFO (29/08/2023 12:05:06 PM): Run successful, cluster: M56, extension: 5Sigma, execution time: 2.55 seconds (Line: 568 [trial.py])
